# biosdecode 2.12
VPD present.
	BIOS Build ID: 7YET83WW 
	Box Serial Number: R834HDW
	Motherboard Serial Number: VQ1FG03A3DY
	Machine Type/Model: 2714AAG
SMBIOS 2.4 present.
	Structure Table Length: 2833 bytes
	Structure Table Address: 0x000E0010
	Number Of Structures: 80
	Maximum Structure Size: 120 bytes
BIOS32 Service Directory present.
	Revision: 0
	Calling Interface Address: 0x000FDC60
ACPI 2.0 present.
	OEM Identifier: LENOVO
	RSD Table 32-bit Address: 0x79B5A160
	XSD Table 64-bit Address: 0x0000000079B5A1C8
PNP BIOS 1.0 present.
	Event Notification: Not Supported
	Real Mode 16-bit Code Address: E162:1911
	Real Mode 16-bit Data Address: 0040:0000
	16-bit Protected Mode Code Address: 0x000F8AB9
	16-bit Protected Mode Data Address: 0x00000400
